  cameraclass.cpp
m:\github\programmingforgames\programming labs\project build\engine\engine\cameraclass.h(11): fatal error C1083: Cannot open include file: 'd3dx10math.h': No such file or directory
  d3dclass.cpp
m:\github\programmingforgames\programming labs\project build\engine\engine\d3dclass.h(23): fatal error C1083: Cannot open include file: 'd3dx10math.h': No such file or directory
  graphicsclass.cpp
m:\github\programmingforgames\programming labs\project build\engine\engine\d3dclass.h(23): fatal error C1083: Cannot open include file: 'd3dx10math.h': No such file or directory
  inputclass.cpp
  lightclass.cpp
m:\github\programmingforgames\programming labs\project build\engine\engine\lightclass.h(11): fatal error C1083: Cannot open include file: 'd3dx10math.h': No such file or directory
  lightshaderclass.cpp
m:\github\programmingforgames\programming labs\project build\engine\engine\lightshaderclass.h(12): fatal error C1083: Cannot open include file: 'd3dx10math.h': No such file or directory
  main.cpp
m:\github\programmingforgames\programming labs\project build\engine\engine\d3dclass.h(23): fatal error C1083: Cannot open include file: 'd3dx10math.h': No such file or directory
  modelclass.cpp
m:\github\programmingforgames\programming labs\project build\engine\engine\modelclass.h(12): fatal error C1083: Cannot open include file: 'd3dx10math.h': No such file or directory
  rendertextureclass.cpp
  soundclass.cpp
  systemclass.cpp
m:\github\programmingforgames\programming labs\project build\engine\engine\d3dclass.h(23): fatal error C1083: Cannot open include file: 'd3dx10math.h': No such file or directory
  textureclass.cpp
m:\github\programmingforgames\programming labs\project build\engine\engine\textureclass.h(12): fatal error C1083: Cannot open include file: 'd3dx11tex.h': No such file or directory
  treeclass.cpp
m:\github\programmingforgames\programming labs\project build\engine\engine\treeclass.h(12): fatal error C1083: Cannot open include file: 'd3dx10math.h': No such file or directory
